<?xml version="1.0" encoding="utf-8"?><testsuites name="pytest tests"><testsuite name="pytest" errors="0" failures="0" skipped="0" tests="20" time="4.111" timestamp="2026-02-07T09:00:08.171238+00:00" hostname="agent-env-69fe7c00-29c3-4adb-9ef2-89c6bdb3717b"><testcase classname="backend.tests.test_approvals.TestApprovalAuth" name="test_login_success" time="0.420" /><testcase classname="backend.tests.test_approvals.TestApprovalStats" name="test_get_approval_stats" time="0.369" /><testcase classname="backend.tests.test_approvals.TestApprovalWorkflows" name="test_get_workflows_list" time="0.351" /><testcase classname="backend.tests.test_approvals.TestCreateApprovalRequest" name="test_create_expense_request" time="0.346" /><testcase classname="backend.tests.test_approvals.TestCreateApprovalRequest" name="test_create_leave_request" time="0.062" /><testcase classname="backend.tests.test_approvals.TestCreateApprovalRequest" name="test_create_purchase_order_request" time="0.063" /><testcase classname="backend.tests.test_approvals.TestCreateApprovalRequest" name="test_create_invalid_type_fails" time="0.058" /><testcase classname="backend.tests.test_approvals.TestMyRequests" name="test_get_my_requests" time="0.413" /><testcase classname="backend.tests.test_approvals.TestMyRequests" name="test_get_my_requests_with_status_filter" time="0.059" /><testcase classname="backend.tests.test_approvals.TestPendingApprovals" name="test_get_pending_approvals" time="0.350" /><testcase classname="backend.tests.test_approvals.TestApprovalActions" name="test_cancel_own_request" time="0.525" /><testcase classname="backend.tests.test_approvals.TestApprovalActions" name="test_cancel_already_cancelled_fails" time="0.053" /><testcase classname="backend.tests.test_approvals.TestApprovalActions" name="test_approve_request" time="0.122" /><testcase classname="backend.tests.test_approvals.TestApprovalActions" name="test_reject_request" time="0.113" /><testcase classname="backend.tests.test_approvals.TestGetSingleRequest" name="test_get_existing_request" time="0.360" /><testcase classname="backend.tests.test_approvals.TestGetSingleRequest" name="test_get_nonexistent_request" time="0.062" /><testcase classname="backend.tests.test_approvals.TestAuthorizationChecks" name="test_stats_without_auth_fails" time="0.058" /><testcase classname="backend.tests.test_approvals.TestAuthorizationChecks" name="test_pending_without_auth_fails" time="0.057" /><testcase classname="backend.tests.test_approvals.TestAuthorizationChecks" name="test_my_requests_without_auth_fails" time="0.057" /><testcase classname="backend.tests.test_approvals.TestAuthorizationChecks" name="test_create_request_without_auth_fails" time="0.057" /></testsuite></testsuites>