<?xml version="1.0" encoding="utf-8"?><testsuites name="pytest tests"><testsuite name="pytest" errors="0" failures="0" skipped="0" tests="23" time="14.507" timestamp="2026-02-25T15:11:06.635719+00:00" hostname="agent-env-572e46a3-1432-4475-a441-eb5f07088ecf"><testcase classname="backend.tests.test_import_data.TestImportAuth" name="test_import_history_requires_auth" time="0.865" /><testcase classname="backend.tests.test_import_data.TestImportAuth" name="test_import_employees_requires_auth" time="0.555" /><testcase classname="backend.tests.test_import_data.TestImportTemplates" name="test_template_employees" time="0.588" /><testcase classname="backend.tests.test_import_data.TestImportTemplates" name="test_template_customers" time="0.566" /><testcase classname="backend.tests.test_import_data.TestImportTemplates" name="test_template_suppliers" time="0.569" /><testcase classname="backend.tests.test_import_data.TestImportTemplates" name="test_template_inventory" time="0.517" /><testcase classname="backend.tests.test_import_data.TestImportTemplates" name="test_template_invoices" time="0.751" /><testcase classname="backend.tests.test_import_data.TestImportTemplates" name="test_template_purchases" time="0.911" /><testcase classname="backend.tests.test_import_data.TestImportTemplates" name="test_template_financial" time="0.659" /><testcase classname="backend.tests.test_import_data.TestImportTemplates" name="test_template_not_found" time="0.542" /><testcase classname="backend.tests.test_import_data.TestImportEmployees" name="test_import_employees_english_headers" time="0.660" /><testcase classname="backend.tests.test_import_data.TestImportEmployees" name="test_import_employees_arabic_headers" time="0.553" /><testcase classname="backend.tests.test_import_data.TestImportEmployees" name="test_import_employees_missing_name_column" time="0.754" /><testcase classname="backend.tests.test_import_data.TestImportCustomers" name="test_import_customers_english" time="0.530" /><testcase classname="backend.tests.test_import_data.TestImportCustomers" name="test_import_customers_arabic" time="0.621" /><testcase classname="backend.tests.test_import_data.TestImportSuppliers" name="test_import_suppliers" time="0.551" /><testcase classname="backend.tests.test_import_data.TestImportInventory" name="test_import_inventory" time="0.653" /><testcase classname="backend.tests.test_import_data.TestImportInvoices" name="test_import_invoices" time="0.622" /><testcase classname="backend.tests.test_import_data.TestImportPurchases" name="test_import_purchases" time="0.560" /><testcase classname="backend.tests.test_import_data.TestImportFinancial" name="test_import_revenue" time="0.625" /><testcase classname="backend.tests.test_import_data.TestImportFinancial" name="test_import_expense" time="0.609" /><testcase classname="backend.tests.test_import_data.TestImportHistory" name="test_get_import_history" time="0.537" /><testcase classname="backend.tests.test_import_data.TestImportFileFormats" name="test_invalid_file_format" time="0.567" /></testsuite></testsuites>