<?xml version="1.0" encoding="utf-8"?><testsuites name="pytest tests"><testsuite name="pytest" errors="0" failures="0" skipped="0" tests="20" time="7.071" timestamp="2026-04-04T23:02:12.553643+00:00" hostname="agent-env-bb9d0fe1-96f6-4f8d-b106-60a4d04b9bce"><testcase classname="backend.tests.test_eta_settings.TestETASettingsAPI" name="test_get_eta_settings" time="0.672" /><testcase classname="backend.tests.test_eta_settings.TestETASettingsAPI" name="test_update_eta_settings_tax_registration" time="0.113" /><testcase classname="backend.tests.test_eta_settings.TestETASettingsAPI" name="test_update_eta_settings_branch_and_activity" time="0.112" /><testcase classname="backend.tests.test_eta_settings.TestETASettingsAPI" name="test_update_eta_settings_environment" time="0.312" /><testcase classname="backend.tests.test_eta_settings.TestETASettingsAPI" name="test_update_eta_settings_is_active" time="0.238" /><testcase classname="backend.tests.test_eta_settings.TestETASettingsAPI" name="test_update_eta_settings_auto_submit" time="0.232" /><testcase classname="backend.tests.test_eta_settings.TestETASettingsAPI" name="test_update_eta_settings_client_credentials" time="0.115" /><testcase classname="backend.tests.test_eta_settings.TestETAConnectionAPI" name="test_test_connection_endpoint_exists" time="1.041" /><testcase classname="backend.tests.test_eta_settings.TestETAConnectionAPI" name="test_test_connection_preprod_environment" time="0.855" /><testcase classname="backend.tests.test_eta_settings.TestETAConnectionAPI" name="test_test_connection_production_environment" time="1.228" /><testcase classname="backend.tests.test_eta_settings.TestETAConnectionAPI" name="test_test_connection_missing_credentials" time="0.843" /><testcase classname="backend.tests.test_eta_settings.TestETASubmissionsAPI" name="test_get_submissions_empty" time="0.058" /><testcase classname="backend.tests.test_eta_settings.TestETASubmissionsAPI" name="test_get_submissions_with_pagination" time="0.069" /><testcase classname="backend.tests.test_eta_settings.TestETASubmissionsAPI" name="test_get_submissions_with_status_filter" time="0.344" /><testcase classname="backend.tests.test_eta_settings.TestETASubmissionsAPI" name="test_get_submissions_large_limit" time="0.076" /><testcase classname="backend.tests.test_eta_settings.TestETASettingsUnauthorized" name="test_get_settings_without_auth" time="0.142" /><testcase classname="backend.tests.test_eta_settings.TestETASettingsUnauthorized" name="test_update_settings_without_auth" time="0.135" /><testcase classname="backend.tests.test_eta_settings.TestETASettingsUnauthorized" name="test_test_connection_without_auth" time="0.149" /><testcase classname="backend.tests.test_eta_settings.TestETASettingsUnauthorized" name="test_get_submissions_without_auth" time="0.119" /><testcase classname="backend.tests.test_eta_settings.TestETASettingsCleanup" name="test_cleanup_test_data" time="0.070" /></testsuite></testsuites>