<?xml version="1.0" encoding="utf-8"?><testsuites name="pytest tests"><testsuite name="pytest" errors="0" failures="0" skipped="0" tests="22" time="13.299" timestamp="2026-04-04T21:02:35.456876+00:00" hostname="agent-env-bb9d0fe1-96f6-4f8d-b106-60a4d04b9bce"><testcase classname="backend.tests.test_hr_settings_attendance_payroll.TestHRSettingsAuthentication" name="test_hr_settings_requires_auth" time="0.320" /><testcase classname="backend.tests.test_hr_settings_attendance_payroll.TestHRSettingsAuthentication" name="test_attendance_payroll_preview_requires_auth" time="0.132" /><testcase classname="backend.tests.test_hr_settings_attendance_payroll.TestHRSettingsGet" name="test_get_hr_settings_success" time="0.556" /><testcase classname="backend.tests.test_hr_settings_attendance_payroll.TestHRSettingsGet" name="test_hr_settings_has_late_deduction_fields" time="0.507" /><testcase classname="backend.tests.test_hr_settings_attendance_payroll.TestHRSettingsGet" name="test_hr_settings_has_absence_deduction_fields" time="0.480" /><testcase classname="backend.tests.test_hr_settings_attendance_payroll.TestHRSettingsGet" name="test_hr_settings_has_overtime_fields" time="0.546" /><testcase classname="backend.tests.test_hr_settings_attendance_payroll.TestHRSettingsGet" name="test_hr_settings_has_working_hours_fields" time="0.523" /><testcase classname="backend.tests.test_hr_settings_attendance_payroll.TestHRSettingsGet" name="test_hr_settings_default_values" time="0.548" /><testcase classname="backend.tests.test_hr_settings_attendance_payroll.TestHRSettingsUpdate" name="test_update_hr_settings_grace_period" time="0.912" /><testcase classname="backend.tests.test_hr_settings_attendance_payroll.TestHRSettingsUpdate" name="test_update_hr_settings_overtime_rate" time="0.936" /><testcase classname="backend.tests.test_hr_settings_attendance_payroll.TestHRSettingsUpdate" name="test_update_hr_settings_late_deduction_method" time="0.877" /><testcase classname="backend.tests.test_hr_settings_attendance_payroll.TestHRSettingsUpdate" name="test_update_hr_settings_multiple_fields" time="0.496" /><testcase classname="backend.tests.test_hr_settings_attendance_payroll.TestAttendancePayrollPreview" name="test_attendance_payroll_preview_success" time="0.475" /><testcase classname="backend.tests.test_hr_settings_attendance_payroll.TestAttendancePayrollPreview" name="test_attendance_payroll_preview_has_employee_data" time="0.507" /><testcase classname="backend.tests.test_hr_settings_attendance_payroll.TestAttendancePayrollPreview" name="test_attendance_payroll_preview_has_totals" time="0.481" /><testcase classname="backend.tests.test_hr_settings_attendance_payroll.TestAttendancePayrollPreview" name="test_attendance_payroll_preview_for_specific_employee" time="0.618" /><testcase classname="backend.tests.test_hr_settings_attendance_payroll.TestAttendancePayrollPreview" name="test_attendance_payroll_preview_different_months" time="0.893" /><testcase classname="backend.tests.test_hr_settings_attendance_payroll.TestPayrollCalculationWithAttendance" name="test_payroll_run_has_attendance_totals" time="0.522" /><testcase classname="backend.tests.test_hr_settings_attendance_payroll.TestPayrollCalculationWithAttendance" name="test_employee_payroll_has_attendance_summary" time="0.471" /><testcase classname="backend.tests.test_hr_settings_attendance_payroll.TestHRSettingsValidation" name="test_hr_settings_accepts_valid_late_methods" time="0.869" /><testcase classname="backend.tests.test_hr_settings_attendance_payroll.TestHRSettingsValidation" name="test_hr_settings_accepts_valid_absence_methods" time="0.745" /><testcase classname="backend.tests.test_hr_settings_attendance_payroll.TestHRSettingsValidation" name="test_hr_settings_accepts_valid_overtime_methods" time="0.721" /></testsuite></testsuites>