<?xml version="1.0" encoding="utf-8"?><testsuites name="pytest tests"><testsuite name="pytest" errors="0" failures="1" skipped="1" tests="25" time="2.630" timestamp="2026-02-07T09:50:44.764307+00:00" hostname="agent-env-cfd67ee6-106f-4d0a-9cea-c5f614e36b64"><testcase classname="tests.test_projects_tasks.TestProjectsCRUD" name="test_create_project" time="0.410" /><testcase classname="tests.test_projects_tasks.TestProjectsCRUD" name="test_get_projects_list" time="0.062" /><testcase classname="tests.test_projects_tasks.TestProjectsCRUD" name="test_get_single_project" time="0.061" /><testcase classname="tests.test_projects_tasks.TestProjectsCRUD" name="test_update_project" time="0.123" /><testcase classname="tests.test_projects_tasks.TestProjectsCRUD" name="test_get_projects_filter_status" time="0.056" /><testcase classname="tests.test_projects_tasks.TestProjectsCRUD" name="test_get_projects_filter_priority" time="0.060" /><testcase classname="tests.test_projects_tasks.TestTasksCRUD" name="test_create_task" time="0.061" /><testcase classname="tests.test_projects_tasks.TestTasksCRUD" name="test_get_tasks_list" time="0.058" /><testcase classname="tests.test_projects_tasks.TestTasksCRUD" name="test_get_tasks_by_project" time="0.059" /><testcase classname="tests.test_projects_tasks.TestTasksCRUD" name="test_get_single_task" time="0.057" /><testcase classname="tests.test_projects_tasks.TestTasksCRUD" name="test_update_task_status" time="0.331" /><testcase classname="tests.test_projects_tasks.TestTasksCRUD" name="test_update_task_details" time="0.111" /><testcase classname="tests.test_projects_tasks.TestTasksCRUD" name="test_my_tasks" time="0.057" /><testcase classname="tests.test_projects_tasks.TestTaskComments" name="test_add_comment" time="0.057" /><testcase classname="tests.test_projects_tasks.TestTaskComments" name="test_view_task_with_comments" time="0.058"><failure message="AssertionError: assert 'Unknown' != 'Unknown'">tests/test_projects_tasks.py:392: in test_view_task_with_comments
    assert comment["user_name"] != "Unknown"  # Verify name is not Unknown
    ^^^^^^^^^^^^^^^^^^^^^^^^^^^^^^^^^^^^^^^^
E   AssertionError: assert 'Unknown' != 'Unknown'</failure></testcase><testcase classname="tests.test_projects_tasks.TestDashboardStats" name="test_get_stats" time="0.058" /><testcase classname="tests.test_projects_tasks.TestProjectProgress" name="test_project_progress_updates" time="0.059" /><testcase classname="tests.test_projects_tasks.TestAttendanceEmployeeName" name="test_create_employee_for_attendance" time="0.056"><skipped type="pytest.skip" message="User doesn't have permission to create employees">/app/backend/tests/test_projects_tasks.py:483: User doesn't have permission to create employees</skipped></testcase><testcase classname="tests.test_projects_tasks.TestAttendanceEmployeeName" name="test_employee_has_name_field" time="0.056" /><testcase classname="tests.test_projects_tasks.TestDeleteOperations" name="test_delete_task" time="0.117" /><testcase classname="tests.test_projects_tasks.TestDeleteOperations" name="test_delete_project" time="0.134" /><testcase classname="tests.test_projects_tasks.TestAuthorizationRequired" name="test_projects_require_auth" time="0.055" /><testcase classname="tests.test_projects_tasks.TestAuthorizationRequired" name="test_tasks_require_auth" time="0.055" /><testcase classname="tests.test_projects_tasks.TestAuthorizationRequired" name="test_my_tasks_require_auth" time="0.056" /><testcase classname="tests.test_projects_tasks.TestAuthorizationRequired" name="test_stats_require_auth" time="0.057" /></testsuite></testsuites>