<?xml version="1.0" encoding="utf-8"?><testsuites name="pytest tests"><testsuite name="pytest" errors="0" failures="0" skipped="0" tests="10" time="5.696" timestamp="2026-04-06T18:30:07.616481+00:00" hostname="agent-env-bb9d0fe1-96f6-4f8d-b106-60a4d04b9bce"><testcase classname="backend.tests.test_admin_delete_user.TestSuperAdminLogin" name="test_super_admin_login_success" time="0.553" /><testcase classname="backend.tests.test_admin_delete_user.TestCompaniesTab" name="test_get_all_companies" time="0.648" /><testcase classname="backend.tests.test_admin_delete_user.TestCompaniesTab" name="test_companies_have_subscription_status" time="0.559" /><testcase classname="backend.tests.test_admin_delete_user.TestAllUsersTab" name="test_get_all_users" time="0.490" /><testcase classname="backend.tests.test_admin_delete_user.TestAllUsersTab" name="test_users_have_permissions_field" time="0.514" /><testcase classname="backend.tests.test_admin_delete_user.TestAllUsersTab" name="test_users_have_company_name" time="0.522" /><testcase classname="backend.tests.test_admin_delete_user.TestDeleteUserAPI" name="test_delete_user_endpoint_exists" time="0.533" /><testcase classname="backend.tests.test_admin_delete_user.TestDeleteUserAPI" name="test_cannot_delete_super_admin" time="0.682" /><testcase classname="backend.tests.test_admin_delete_user.TestEditRoleAndPermissions" name="test_get_available_roles" time="0.534" /><testcase classname="backend.tests.test_admin_delete_user.TestEditRoleAndPermissions" name="test_get_available_permissions" time="0.534" /></testsuite></testsuites>