<?xml version="1.0" encoding="utf-8"?><testsuites name="pytest tests"><testsuite name="pytest" errors="0" failures="0" skipped="1" tests="16" time="6.626" timestamp="2026-04-04T03:45:00.723815+00:00" hostname="agent-env-bb9d0fe1-96f6-4f8d-b106-60a4d04b9bce"><testcase classname="tests.test_hr_extended_features.TestEmployeeProfile" name="test_get_employees_list" time="1.265" /><testcase classname="tests.test_hr_extended_features.TestEmployeeProfile" name="test_get_employee_details" time="0.126" /><testcase classname="tests.test_hr_extended_features.TestEmployeeAllowances" name="test_add_allowance" time="0.112" /><testcase classname="tests.test_hr_extended_features.TestEmployeeAllowances" name="test_verify_allowance_in_employee" time="0.124" /><testcase classname="tests.test_hr_extended_features.TestEmployeeDeductions" name="test_add_deduction" time="0.109" /><testcase classname="tests.test_hr_extended_features.TestWorkShifts" name="test_get_shifts_list" time="0.059" /><testcase classname="tests.test_hr_extended_features.TestWorkShifts" name="test_create_shift" time="0.074" /><testcase classname="tests.test_hr_extended_features.TestWorkShifts" name="test_verify_shift_in_list" time="0.054" /><testcase classname="tests.test_hr_extended_features.TestPayrollHistory" name="test_get_payroll_history" time="0.111" /><testcase classname="tests.test_hr_extended_features.TestPayrollSendPayslips" name="test_get_payroll_runs" time="0.065" /><testcase classname="tests.test_hr_extended_features.TestPayrollSendPayslips" name="test_send_payslips_endpoint_exists" time="3.821" /><testcase classname="tests.test_hr_extended_features.TestPayrollSendPayslips" name="test_send_payslips_requires_approved_status" time="0.054"><skipped type="pytest.skip" message="No draft payroll runs available">/app/backend/tests/test_hr_extended_features.py:360: No draft payroll runs available</skipped></testcase><testcase classname="tests.test_hr_extended_features.TestEmployeeSalarySummary" name="test_get_salary_summary" time="0.111" /><testcase classname="tests.test_hr_extended_features.TestAuthenticationRequired" name="test_employees_requires_auth" time="0.145" /><testcase classname="tests.test_hr_extended_features.TestAuthenticationRequired" name="test_shifts_requires_auth" time="0.129" /><testcase classname="tests.test_hr_extended_features.TestAuthenticationRequired" name="test_payroll_requires_auth" time="0.131" /></testsuite></testsuites>