<?xml version="1.0" encoding="utf-8"?><testsuites name="pytest tests"><testsuite name="pytest" errors="0" failures="3" skipped="0" tests="20" time="2.297" timestamp="2026-02-07T11:16:32.827314+00:00" hostname="agent-env-cfd67ee6-106f-4d0a-9cea-c5f614e36b64"><testcase classname="backend.tests.test_documents_notifications.TestDocumentCategories" name="test_get_categories" time="0.386" /><testcase classname="backend.tests.test_documents_notifications.TestDocumentStats" name="test_get_stats" time="0.060"><failure message="AssertionError: Failed to get stats: {&quot;detail&quot;:&quot;Document not found&quot;}&#10;assert 404 == 200&#10; +  where 404 = &lt;Response [404]&gt;.status_code">backend/tests/test_documents_notifications.py:78: in test_get_stats
    assert response.status_code == 200, f"Failed to get stats: {response.text}"
E   AssertionError: Failed to get stats: {"detail":"Document not found"}
E   assert 404 == 200
E    +  where 404 = &lt;Response [404]&gt;.status_code</failure></testcase><testcase classname="backend.tests.test_documents_notifications.TestDocumentFolders" name="test_create_folder" time="0.081" /><testcase classname="backend.tests.test_documents_notifications.TestDocumentFolders" name="test_get_folders" time="0.084" /><testcase classname="backend.tests.test_documents_notifications.TestDocumentFolders" name="test_update_folder" time="0.121" /><testcase classname="backend.tests.test_documents_notifications.TestDocumentFolders" name="test_delete_folder" time="0.085" /><testcase classname="backend.tests.test_documents_notifications.TestDocumentUpload" name="test_upload_document" time="0.073"><failure message="AssertionError: assert 'other' == 'contracts'&#10;  &#10;  - contracts&#10;  + other">backend/tests/test_documents_notifications.py:257: in test_upload_document
    assert doc["category"] == "contracts"
E   AssertionError: assert 'other' == 'contracts'
E     
E     - contracts
E     + other</failure></testcase><testcase classname="backend.tests.test_documents_notifications.TestDocumentUpload" name="test_get_documents" time="0.163" /><testcase classname="backend.tests.test_documents_notifications.TestDocumentUpload" name="test_get_single_document" time="0.169" /><testcase classname="backend.tests.test_documents_notifications.TestDocumentUpload" name="test_download_document" time="0.170" /><testcase classname="backend.tests.test_documents_notifications.TestDocumentUpload" name="test_delete_document" time="0.111"><failure message="AssertionError: Failed to archive: Internal Server Error&#10;assert 520 == 200&#10; +  where 520 = &lt;Response [520]&gt;.status_code">backend/tests/test_documents_notifications.py:327: in test_delete_document
    assert response.status_code == 200, f"Failed to archive: {response.text}"
E   AssertionError: Failed to archive: Internal Server Error
E   assert 520 == 200
E    +  where 520 = &lt;Response [520]&gt;.status_code</failure></testcase><testcase classname="backend.tests.test_documents_notifications.TestDocumentSearch" name="test_search_by_name" time="0.054" /><testcase classname="backend.tests.test_documents_notifications.TestDocumentSearch" name="test_filter_by_category" time="0.055" /><testcase classname="backend.tests.test_documents_notifications.TestTaskNotificationsDueSoon" name="test_get_due_soon_tasks" time="0.056" /><testcase classname="backend.tests.test_documents_notifications.TestTaskNotificationsOverdue" name="test_get_overdue_tasks" time="0.051" /><testcase classname="backend.tests.test_documents_notifications.TestTaskNotificationsCheckAndSend" name="test_check_and_send_notifications" time="0.054" /><testcase classname="backend.tests.test_documents_notifications.TestUnauthorizedAccess" name="test_documents_requires_auth" time="0.051" /><testcase classname="backend.tests.test_documents_notifications.TestUnauthorizedAccess" name="test_folders_requires_auth" time="0.053" /><testcase classname="backend.tests.test_documents_notifications.TestUnauthorizedAccess" name="test_stats_requires_auth" time="0.049" /><testcase classname="backend.tests.test_documents_notifications.TestUnauthorizedAccess" name="test_task_notifications_requires_auth" time="0.162" /></testsuite></testsuites>