<?xml version="1.0" encoding="utf-8"?><testsuites name="pytest tests"><testsuite name="pytest" errors="0" failures="0" skipped="0" tests="17" time="1.151" timestamp="2026-02-07T01:43:44.158866+00:00" hostname="agent-env-69fe7c00-29c3-4adb-9ef2-89c6bdb3717b"><testcase classname="backend.tests.test_notifications_invoices.TestNotificationsAPI" name="test_get_notifications_unauthorized" time="0.104" /><testcase classname="backend.tests.test_notifications_invoices.TestNotificationsAPI" name="test_get_notifications_authorized" time="0.325" /><testcase classname="backend.tests.test_notifications_invoices.TestNotificationsAPI" name="test_create_notification" time="0.053" /><testcase classname="backend.tests.test_notifications_invoices.TestNotificationsAPI" name="test_mark_notification_as_read" time="0.013" /><testcase classname="backend.tests.test_notifications_invoices.TestNotificationsAPI" name="test_get_notifications_verify_read_status" time="0.053" /><testcase classname="backend.tests.test_notifications_invoices.TestInvoicesAPI" name="test_get_invoices_unauthorized" time="0.051" /><testcase classname="backend.tests.test_notifications_invoices.TestInvoicesAPI" name="test_get_invoices_authorized" time="0.063" /><testcase classname="backend.tests.test_notifications_invoices.TestInvoicesAPI" name="test_get_invoice_stats" time="0.010" /><testcase classname="backend.tests.test_notifications_invoices.TestInvoicesAPI" name="test_create_regular_invoice" time="0.052" /><testcase classname="backend.tests.test_notifications_invoices.TestInvoicesAPI" name="test_create_etax_invoice" time="0.012" /><testcase classname="backend.tests.test_notifications_invoices.TestInvoicesAPI" name="test_get_invoice_by_number" time="0.054" /><testcase classname="backend.tests.test_notifications_invoices.TestInvoicesAPI" name="test_submit_etax_invoice_without_tax_id" time="0.060" /><testcase classname="backend.tests.test_notifications_invoices.TestInvoicesAPI" name="test_submit_etax_invoice" time="0.011" /><testcase classname="backend.tests.test_notifications_invoices.TestInvoicesAPI" name="test_get_etax_status_after_submission" time="0.053" /><testcase classname="backend.tests.test_notifications_invoices.TestInvoicesAPI" name="test_get_etax_stats" time="0.011" /><testcase classname="backend.tests.test_notifications_invoices.TestInvoicesAPI" name="test_submit_regular_invoice_to_etax_fails" time="0.052" /><testcase classname="backend.tests.test_notifications_invoices.TestCleanup" name="test_cleanup_test_invoices" time="0.053" /></testsuite></testsuites>