<?xml version="1.0" encoding="utf-8"?><testsuites name="pytest tests"><testsuite name="pytest" errors="0" failures="0" skipped="0" tests="18" time="8.680" timestamp="2026-04-04T01:56:42.334486+00:00" hostname="agent-env-bb9d0fe1-96f6-4f8d-b106-60a4d04b9bce"><testcase classname="backend.tests.test_currencies.TestCurrencyAPIs" name="test_get_currencies_success" time="0.722" /><testcase classname="backend.tests.test_currencies.TestCurrencyAPIs" name="test_get_currencies_without_auth" time="0.489" /><testcase classname="backend.tests.test_currencies.TestCurrencyAPIs" name="test_update_enabled_currencies" time="0.567" /><testcase classname="backend.tests.test_currencies.TestCurrencyAPIs" name="test_set_base_currency" time="0.629" /><testcase classname="backend.tests.test_currencies.TestCurrencyAPIs" name="test_update_currency_settings_invalid_currency" time="0.418" /><testcase classname="backend.tests.test_currencies.TestCurrencyAPIs" name="test_add_exchange_rate" time="0.412" /><testcase classname="backend.tests.test_currencies.TestCurrencyAPIs" name="test_add_exchange_rate_invalid_currency" time="0.412" /><testcase classname="backend.tests.test_currencies.TestCurrencyAPIs" name="test_add_exchange_rate_zero_rate" time="0.420" /><testcase classname="backend.tests.test_currencies.TestCurrencyAPIs" name="test_add_exchange_rate_negative_rate" time="0.424" /><testcase classname="backend.tests.test_currencies.TestCurrencyAPIs" name="test_get_exchange_rates" time="0.414" /><testcase classname="backend.tests.test_currencies.TestCurrencyAPIs" name="test_get_exchange_rates_filter_by_currency" time="0.467" /><testcase classname="backend.tests.test_currencies.TestCurrencyAPIs" name="test_delete_exchange_rate" time="0.512" /><testcase classname="backend.tests.test_currencies.TestCurrencyAPIs" name="test_delete_nonexistent_exchange_rate" time="0.429" /><testcase classname="backend.tests.test_currencies.TestCurrencyAPIs" name="test_currency_conversion" time="0.484" /><testcase classname="backend.tests.test_currencies.TestCurrencyAPIs" name="test_currency_conversion_same_currency" time="0.422" /><testcase classname="backend.tests.test_currencies.TestCurrencyAPIs" name="test_currency_conversion_invalid_currency" time="0.425" /><testcase classname="backend.tests.test_currencies.TestInvoiceWithCurrency" name="test_get_parties_for_invoice" time="0.396" /><testcase classname="backend.tests.test_currencies.TestInvoiceWithCurrency" name="test_create_invoice_with_usd_currency" time="0.514" /></testsuite></testsuites>