<?xml version="1.0" encoding="utf-8"?><testsuites name="pytest tests"><testsuite name="pytest" errors="0" failures="2" skipped="0" tests="22" time="7.115" timestamp="2026-02-07T21:47:23.407329+00:00" hostname="agent-env-24aeab45-064c-4c91-aa94-f5b26feeb0ed"><testcase classname="backend.tests.test_features_iteration12.TestAuthentication" name="test_super_admin_login" time="0.345" /><testcase classname="backend.tests.test_features_iteration12.TestAuthentication" name="test_general_manager_login" time="0.302" /><testcase classname="backend.tests.test_features_iteration12.TestAuthentication" name="test_ceo_login" time="0.299" /><testcase classname="backend.tests.test_features_iteration12.TestAuthentication" name="test_board_chairman_login" time="0.293" /><testcase classname="backend.tests.test_features_iteration12.TestAuthentication" name="test_invalid_login" time="0.061" /><testcase classname="backend.tests.test_features_iteration12.TestUserManagement" name="test_list_company_users" time="0.356" /><testcase classname="backend.tests.test_features_iteration12.TestUserManagement" name="test_list_roles" time="0.348" /><testcase classname="backend.tests.test_features_iteration12.TestPermissionsUpdate" name="test_gm_can_update_permissions" time="0.412" /><testcase classname="backend.tests.test_features_iteration12.TestPermissionsUpdate" name="test_ceo_can_update_permissions" time="0.417" /><testcase classname="backend.tests.test_features_iteration12.TestPermissionsUpdate" name="test_chairman_can_update_permissions" time="0.412" /><testcase classname="backend.tests.test_features_iteration12.TestPermissionsUpdate" name="test_employee_cannot_update_permissions" time="0.406" /><testcase classname="backend.tests.test_features_iteration12.TestPermissionsUpdate" name="test_invalid_permission_rejected" time="0.409" /><testcase classname="backend.tests.test_features_iteration12.TestContactForm" name="test_contact_form_submission" time="0.586" /><testcase classname="backend.tests.test_features_iteration12.TestContactForm" name="test_contact_form_validation" time="0.057" /><testcase classname="backend.tests.test_features_iteration12.TestAdminAPIs" name="test_admin_dashboard" time="0.382"><failure message="AssertionError: assert ('total_users' in {'expiring_soon': [], 'plan_breakdown': [], 'recent_transactions': [], 'statistics': {'activation_codes_count': 0, 'active_codes': 0, 'active_subscriptions': 0, 'monthly_revenue': 0, ...}} or 'stats' in {'expiring_soon': [], 'plan_breakdown': [], 'recent_transactions': [], 'statistics': {'activation_codes_count': 0, 'active_codes': 0, 'active_subscriptions': 0, 'monthly_revenue': 0, ...}})">backend/tests/test_features_iteration12.py:285: in test_admin_dashboard
    assert "total_users" in data or "stats" in data
E   AssertionError: assert ('total_users' in {'expiring_soon': [], 'plan_breakdown': [], 'recent_transactions': [], 'statistics': {'activation_codes_count': 0, 'active_codes': 0, 'active_subscriptions': 0, 'monthly_revenue': 0, ...}} or 'stats' in {'expiring_soon': [], 'plan_breakdown': [], 'recent_transactions': [], 'statistics': {'activation_codes_count': 0, 'active_codes': 0, 'active_subscriptions': 0, 'monthly_revenue': 0, ...}})</failure></testcase><testcase classname="backend.tests.test_features_iteration12.TestAdminAPIs" name="test_admin_all_users" time="0.350" /><testcase classname="backend.tests.test_features_iteration12.TestAdminAPIs" name="test_admin_companies" time="0.353" /><testcase classname="backend.tests.test_features_iteration12.TestAdminAPIs" name="test_admin_permissions_list" time="0.341" /><testcase classname="backend.tests.test_features_iteration12.TestAdminAPIs" name="test_admin_contact_messages" time="0.354" /><testcase classname="backend.tests.test_features_iteration12.TestUnauthorizedAccess" name="test_unauthenticated_users_list" time="0.054" /><testcase classname="backend.tests.test_features_iteration12.TestUnauthorizedAccess" name="test_unauthenticated_admin_dashboard" time="0.055" /><testcase classname="backend.tests.test_features_iteration12.TestUnauthorizedAccess" name="test_regular_user_admin_access" time="0.352"><failure message="AssertionError: Expected 403/401, got 200&#10;assert 200 in [403, 401]&#10; +  where 200 = &lt;Response [200]&gt;.status_code">backend/tests/test_features_iteration12.py:348: in test_regular_user_admin_access
    assert admin_response.status_code in [403, 401], f"Expected 403/401, got {admin_response.status_code}"
E   AssertionError: Expected 403/401, got 200
E   assert 200 in [403, 401]
E    +  where 200 = &lt;Response [200]&gt;.status_code</failure></testcase></testsuite></testsuites>