<?xml version="1.0" encoding="utf-8"?><testsuites name="pytest tests"><testsuite name="pytest" errors="0" failures="0" skipped="0" tests="24" time="12.400" timestamp="2026-04-04T03:09:23.546593+00:00" hostname="agent-env-bb9d0fe1-96f6-4f8d-b106-60a4d04b9bce"><testcase classname="backend.tests.test_payroll.TestPayrollAuthentication" name="test_payroll_runs_requires_auth" time="0.288" /><testcase classname="backend.tests.test_payroll.TestPayrollAuthentication" name="test_payroll_loans_requires_auth" time="0.126" /><testcase classname="backend.tests.test_payroll.TestPayrollAuthentication" name="test_payroll_settings_requires_auth" time="0.130" /><testcase classname="backend.tests.test_payroll.TestPayrollRuns" name="test_get_payroll_runs" time="0.528" /><testcase classname="backend.tests.test_payroll.TestPayrollRuns" name="test_get_existing_payroll_run" time="0.511" /><testcase classname="backend.tests.test_payroll.TestPayrollRuns" name="test_get_payroll_run_by_id" time="0.645" /><testcase classname="backend.tests.test_payroll.TestPayrollRuns" name="test_create_payroll_run_duplicate_month" time="0.489" /><testcase classname="backend.tests.test_payroll.TestPayrollRuns" name="test_create_new_payroll_run" time="0.642" /><testcase classname="backend.tests.test_payroll.TestPayrollCalculation" name="test_calculate_payroll" time="0.647" /><testcase classname="backend.tests.test_payroll.TestPayrollCalculation" name="test_verify_calculated_payroll_data" time="0.485" /><testcase classname="backend.tests.test_payroll.TestPayrollApproval" name="test_approve_payroll_creates_journal_entry" time="0.614" /><testcase classname="backend.tests.test_payroll.TestPayrollApproval" name="test_approved_payroll_has_journal_entry" time="0.500" /><testcase classname="backend.tests.test_payroll.TestPayrollPayment" name="test_pay_payroll" time="0.627" /><testcase classname="backend.tests.test_payroll.TestPayrollPayment" name="test_cannot_pay_unapproved_payroll" time="0.496" /><testcase classname="backend.tests.test_payroll.TestPayrollLoans" name="test_get_loans" time="0.481" /><testcase classname="backend.tests.test_payroll.TestPayrollLoans" name="test_create_loan" time="0.611" /><testcase classname="backend.tests.test_payroll.TestPayrollLoans" name="test_approve_loan_creates_journal_entry" time="0.629" /><testcase classname="backend.tests.test_payroll.TestPayrollLoans" name="test_loan_structure" time="0.691" /><testcase classname="backend.tests.test_payroll.TestPayrollSettings" name="test_get_settings" time="0.491" /><testcase classname="backend.tests.test_payroll.TestPayrollSettings" name="test_settings_values" time="0.501" /><testcase classname="backend.tests.test_payroll.TestEndOfService" name="test_get_settlements" time="0.510" /><testcase classname="backend.tests.test_payroll.TestJournalEntryIntegration" name="test_payroll_journal_entry_balanced" time="0.631" /><testcase classname="backend.tests.test_payroll.TestPayrollReports" name="test_monthly_cost_report" time="0.475" /><testcase classname="backend.tests.test_payroll.TestPayrollReports" name="test_department_cost_report" time="0.488" /></testsuite></testsuites>