<?xml version="1.0" encoding="utf-8"?><testsuites name="pytest tests"><testsuite name="pytest" errors="0" failures="0" skipped="0" tests="12" time="6.443" timestamp="2026-04-11T23:00:55.494406+00:00" hostname="agent-env-bb9d0fe1-96f6-4f8d-b106-60a4d04b9bce"><testcase classname="tests.test_push_notifications.TestPushNotificationsPublic" name="test_get_vapid_public_key" time="0.167" /><testcase classname="tests.test_push_notifications.TestPushNotificationsPublic" name="test_service_worker_accessible" time="0.126" /><testcase classname="tests.test_push_notifications.TestPushNotificationsAuth" name="test_get_notifications" time="0.510" /><testcase classname="tests.test_push_notifications.TestPushNotificationsAuth" name="test_get_notifications_without_auth" time="0.514" /><testcase classname="tests.test_push_notifications.TestPushNotificationsAuth" name="test_subscribe_push" time="0.546" /><testcase classname="tests.test_push_notifications.TestPushNotificationsAuth" name="test_subscribe_push_without_auth" time="0.545" /><testcase classname="tests.test_push_notifications.TestPushNotificationsAuth" name="test_send_test_notification" time="0.856" /><testcase classname="tests.test_push_notifications.TestPushNotificationsAuth" name="test_send_test_notification_without_auth" time="0.558" /><testcase classname="tests.test_push_notifications.TestPushNotificationsAuth" name="test_mark_all_notifications_read" time="0.684" /><testcase classname="tests.test_push_notifications.TestPushNotificationsAuth" name="test_mark_all_notifications_read_without_auth" time="0.511" /><testcase classname="tests.test_push_notifications.TestPushNotificationsAuth" name="test_notification_structure" time="0.697" /><testcase classname="tests.test_push_notifications.TestPushNotificationsUnsubscribe" name="test_unsubscribe_push" time="0.636" /></testsuite></testsuites>