<?xml version="1.0" encoding="utf-8"?><testsuites name="pytest tests"><testsuite name="pytest" errors="0" failures="0" skipped="0" tests="13" time="1.865" timestamp="2026-02-07T14:01:04.110851+00:00" hostname="agent-env-d89930ca-9921-497d-b390-12605a7e027c"><testcase classname="tests.test_permissions.TestPermissionsAllEndpoint" name="test_get_all_permissions_returns_200" time="0.128" /><testcase classname="tests.test_permissions.TestPermissionsAllEndpoint" name="test_get_all_permissions_returns_10_permissions" time="0.067" /><testcase classname="tests.test_permissions.TestPermissionsAllEndpoint" name="test_permissions_have_required_fields" time="0.071" /><testcase classname="tests.test_permissions.TestPermissionsAllEndpoint" name="test_dashboard_permission_exists" time="0.072" /><testcase classname="tests.test_permissions.TestLoginAndGetUserPermissions" name="test_login_returns_user_with_permissions" time="0.350" /><testcase classname="tests.test_permissions.TestLoginAndGetUserPermissions" name="test_admin_has_full_permissions" time="0.001" /><testcase classname="tests.test_permissions.TestLoginAndGetUserPermissions" name="test_get_user_permissions_endpoint" time="0.070" /><testcase classname="tests.test_permissions.TestLoginAndGetUserPermissions" name="test_get_permissions_without_auth_fails" time="0.066" /><testcase classname="tests.test_permissions.TestUpdateUserPermissions" name="test_update_permissions_returns_success" time="0.372" /><testcase classname="tests.test_permissions.TestUpdateUserPermissions" name="test_cannot_set_invalid_permission" time="0.076" /><testcase classname="tests.test_permissions.TestUpdateUserPermissions" name="test_update_without_auth_fails" time="0.058" /><testcase classname="tests.test_permissions.TestUserListShowsPermissions" name="test_users_list_endpoint_works" time="0.357" /><testcase classname="tests.test_permissions.TestUserListShowsPermissions" name="test_users_have_permissions_field" time="0.055" /></testsuite></testsuites>