<?xml version="1.0" encoding="utf-8"?><testsuites name="pytest tests"><testsuite name="pytest" errors="0" failures="0" skipped="0" tests="13" time="8.799" timestamp="2026-04-04T02:19:57.977504+00:00" hostname="agent-env-bb9d0fe1-96f6-4f8d-b106-60a4d04b9bce"><testcase classname="backend.tests.test_invoice_adjustments.TestInvoiceAdjustments" name="test_get_adjustment_categories" time="1.872" /><testcase classname="backend.tests.test_invoice_adjustments.TestInvoiceAdjustments" name="test_adjustment_categories_requires_auth" time="0.613" /><testcase classname="backend.tests.test_invoice_adjustments.TestInvoiceAdjustments" name="test_create_invoice_with_percentage_discount_before_tax" time="0.485" /><testcase classname="backend.tests.test_invoice_adjustments.TestInvoiceAdjustments" name="test_create_invoice_with_fixed_discount" time="0.532" /><testcase classname="backend.tests.test_invoice_adjustments.TestInvoiceAdjustments" name="test_create_invoice_with_fixed_addition" time="0.499" /><testcase classname="backend.tests.test_invoice_adjustments.TestInvoiceAdjustments" name="test_create_invoice_with_percentage_addition" time="0.476" /><testcase classname="backend.tests.test_invoice_adjustments.TestInvoiceAdjustments" name="test_create_invoice_with_multiple_adjustments" time="0.498" /><testcase classname="backend.tests.test_invoice_adjustments.TestInvoiceAdjustments" name="test_create_invoice_with_multiple_discounts" time="0.470" /><testcase classname="backend.tests.test_invoice_adjustments.TestInvoiceAdjustments" name="test_create_invoice_with_discount_after_tax" time="0.544" /><testcase classname="backend.tests.test_invoice_adjustments.TestInvoiceAdjustments" name="test_all_discount_categories" time="0.756" /><testcase classname="backend.tests.test_invoice_adjustments.TestInvoiceAdjustments" name="test_all_addition_categories" time="0.879" /><testcase classname="backend.tests.test_invoice_adjustments.TestInvoiceAdjustments" name="test_get_invoice_with_adjustments" time="0.544" /><testcase classname="backend.tests.test_invoice_adjustments.TestInvoiceAdjustments" name="test_create_invoice_without_adjustments" time="0.478" /></testsuite></testsuites>