<?xml version="1.0" encoding="utf-8"?><testsuites name="pytest tests"><testsuite name="pytest" errors="0" failures="0" skipped="0" tests="19" time="7.516" timestamp="2026-02-07T01:56:13.724474+00:00" hostname="agent-env-69fe7c00-29c3-4adb-9ef2-89c6bdb3717b"><testcase classname="tests.test_customer_portal.TestCustomerPortalLogin" name="test_customer_login_success" time="1.867" /><testcase classname="tests.test_customer_portal.TestCustomerPortalLogin" name="test_customer_login_invalid_credentials" time="0.054" /><testcase classname="tests.test_customer_portal.TestCustomerPortalLogin" name="test_customer_login_missing_fields" time="0.055" /><testcase classname="tests.test_customer_portal.TestCustomerPortalDashboard" name="test_get_dashboard_data" time="0.350" /><testcase classname="tests.test_customer_portal.TestCustomerPortalDashboard" name="test_dashboard_unauthorized" time="0.051" /><testcase classname="tests.test_customer_portal.TestCustomerPortalInvoices" name="test_get_invoices_list" time="0.342" /><testcase classname="tests.test_customer_portal.TestCustomerPortalInvoices" name="test_get_invoices_by_status" time="0.336" /><testcase classname="tests.test_customer_portal.TestCustomerPortalInvoices" name="test_invoices_unauthorized" time="0.053" /><testcase classname="tests.test_customer_portal.TestCustomerPortalPayments" name="test_get_payments_list" time="0.342" /><testcase classname="tests.test_customer_portal.TestCustomerPortalPayments" name="test_payments_unauthorized" time="0.052" /><testcase classname="tests.test_customer_portal.TestCustomerPortalProfile" name="test_get_profile" time="0.338" /><testcase classname="tests.test_customer_portal.TestCustomerPortalProfile" name="test_update_profile" time="0.401" /><testcase classname="tests.test_customer_portal.TestCustomerPortalProfile" name="test_profile_unauthorized" time="0.051" /><testcase classname="tests.test_customer_portal.TestCompanyPortalManagement" name="test_setup_portal" time="0.403" /><testcase classname="tests.test_customer_portal.TestCompanyPortalManagement" name="test_list_portal_customers" time="0.348" /><testcase classname="tests.test_customer_portal.TestCompanyPortalManagement" name="test_invite_customer" time="0.839" /><testcase classname="tests.test_customer_portal.TestCompanyPortalManagement" name="test_invite_duplicate_customer" time="0.862" /><testcase classname="tests.test_customer_portal.TestCompanyPortalManagement" name="test_portal_management_unauthorized" time="0.049" /><testcase classname="tests.test_customer_portal.TestCustomerToggleAccess" name="test_toggle_customer_access" time="0.458" /></testsuite></testsuites>