<?xml version="1.0" encoding="utf-8"?><testsuites name="pytest tests"><testsuite name="pytest" errors="0" failures="0" skipped="0" tests="16" time="3.946" timestamp="2026-04-04T02:42:43.201557+00:00" hostname="agent-env-bb9d0fe1-96f6-4f8d-b106-60a4d04b9bce"><testcase classname="tests.test_inventory_management.TestWarehouses" name="test_list_warehouses" time="0.834" /><testcase classname="tests.test_inventory_management.TestWarehouses" name="test_create_warehouse" time="0.134" /><testcase classname="tests.test_inventory_management.TestCategories" name="test_list_categories" time="0.157" /><testcase classname="tests.test_inventory_management.TestCategories" name="test_create_category" time="0.132" /><testcase classname="tests.test_inventory_management.TestUnits" name="test_list_units" time="0.162" /><testcase classname="tests.test_inventory_management.TestProducts" name="test_list_products" time="0.159" /><testcase classname="tests.test_inventory_management.TestProducts" name="test_create_product_with_barcode_sku" time="0.254" /><testcase classname="tests.test_inventory_management.TestStockMovements" name="test_list_movements" time="0.144" /><testcase classname="tests.test_inventory_management.TestStockMovements" name="test_create_opening_balance_movement" time="0.508" /><testcase classname="tests.test_inventory_management.TestStockMovements" name="test_create_sales_movement" time="0.527" /><testcase classname="tests.test_inventory_management.TestStockSummary" name="test_get_stock_summary" time="0.135" /><testcase classname="tests.test_inventory_management.TestReports" name="test_stock_balance_report" time="0.130" /><testcase classname="tests.test_inventory_management.TestReports" name="test_low_stock_report" time="0.127" /><testcase classname="tests.test_inventory_management.TestAuthentication" name="test_warehouses_requires_auth" time="0.146" /><testcase classname="tests.test_inventory_management.TestAuthentication" name="test_products_requires_auth" time="0.122" /><testcase classname="tests.test_inventory_management.TestAuthentication" name="test_movements_requires_auth" time="0.140" /></testsuite></testsuites>