<?xml version="1.0" encoding="utf-8"?><testsuites name="pytest tests"><testsuite name="pytest" errors="0" failures="0" skipped="0" tests="23" time="8.212" timestamp="2026-04-06T03:21:11.432329+00:00" hostname="agent-env-bb9d0fe1-96f6-4f8d-b106-60a4d04b9bce"><testcase classname="backend.tests.test_coupons_paypal.TestCouponSeedDefaults" name="test_seed_default_coupons" time="1.935" /><testcase classname="backend.tests.test_coupons_paypal.TestCouponCRUD" name="test_create_percentage_coupon" time="0.266" /><testcase classname="backend.tests.test_coupons_paypal.TestCouponCRUD" name="test_create_fixed_coupon" time="0.253" /><testcase classname="backend.tests.test_coupons_paypal.TestCouponCRUD" name="test_create_duplicate_coupon_fails" time="0.118" /><testcase classname="backend.tests.test_coupons_paypal.TestCouponCRUD" name="test_list_coupons" time="0.148" /><testcase classname="backend.tests.test_coupons_paypal.TestCouponCRUD" name="test_get_coupon_by_code" time="0.114" /><testcase classname="backend.tests.test_coupons_paypal.TestCouponCRUD" name="test_get_nonexistent_coupon" time="0.229" /><testcase classname="backend.tests.test_coupons_paypal.TestCouponCRUD" name="test_update_coupon" time="0.123" /><testcase classname="backend.tests.test_coupons_paypal.TestCouponValidation" name="test_validate_percentage_coupon" time="0.122" /><testcase classname="backend.tests.test_coupons_paypal.TestCouponValidation" name="test_validate_fixed_coupon" time="0.119" /><testcase classname="backend.tests.test_coupons_paypal.TestCouponValidation" name="test_validate_coupon_min_amount_check" time="0.119" /><testcase classname="backend.tests.test_coupons_paypal.TestCouponValidation" name="test_validate_coupon_max_discount_cap" time="0.122" /><testcase classname="backend.tests.test_coupons_paypal.TestCouponValidation" name="test_validate_invalid_coupon_code" time="0.114" /><testcase classname="backend.tests.test_coupons_paypal.TestCouponValidation" name="test_validate_enterprise_only_coupon" time="0.459" /><testcase classname="backend.tests.test_coupons_paypal.TestCouponValidation" name="test_validate_enterprise_coupon_on_enterprise_plan" time="0.122" /><testcase classname="backend.tests.test_coupons_paypal.TestPayPalSandboxCheckout" name="test_paypal_create_checkout" time="0.723" /><testcase classname="backend.tests.test_coupons_paypal.TestPayPalSandboxCheckout" name="test_paypal_checkout_with_coupon" time="0.473" /><testcase classname="backend.tests.test_coupons_paypal.TestPayPalSandboxCheckout" name="test_paypal_checkout_invalid_package" time="0.118" /><testcase classname="backend.tests.test_coupons_paypal.TestStripeCheckoutWithCoupon" name="test_stripe_checkout_with_coupon" time="0.665" /><testcase classname="backend.tests.test_coupons_paypal.TestStripeCheckoutWithCoupon" name="test_stripe_checkout_without_coupon" time="1.029" /><testcase classname="backend.tests.test_coupons_paypal.TestCouponDelete" name="test_delete_test_coupons" time="0.236" /><testcase classname="backend.tests.test_coupons_paypal.TestCouponDelete" name="test_delete_nonexistent_coupon" time="0.167" /><testcase classname="backend.tests.test_coupons_paypal.TestPaymentMethods" name="test_get_payment_methods" time="0.142" /></testsuite></testsuites>