<?xml version="1.0" encoding="utf-8"?><testsuites name="pytest tests"><testsuite name="pytest" errors="0" failures="0" skipped="0" tests="12" time="5.196" timestamp="2026-04-05T12:42:34.259038+00:00" hostname="agent-env-bb9d0fe1-96f6-4f8d-b106-60a4d04b9bce"><testcase classname="backend.tests.test_hr_new_features.TestAuthentication" name="test_login_success" time="0.491" /><testcase classname="backend.tests.test_hr_new_features.TestHRAlerts" name="test_get_hr_alerts" time="0.503" /><testcase classname="backend.tests.test_hr_new_features.TestHRAlerts" name="test_hr_alerts_unauthorized" time="0.132" /><testcase classname="backend.tests.test_hr_new_features.TestEmployeeCodeProtection" name="test_employee_code_immutable" time="0.770" /><testcase classname="backend.tests.test_hr_new_features.TestDeductionsAPI" name="test_get_deductions" time="0.471" /><testcase classname="backend.tests.test_hr_new_features.TestAllowancesAPI" name="test_get_allowances" time="0.480" /><testcase classname="backend.tests.test_hr_new_features.TestShiftsAPI" name="test_get_shifts" time="0.498" /><testcase classname="backend.tests.test_hr_new_features.TestEmployeesExtendedAPI" name="test_get_employees" time="0.484" /><testcase classname="backend.tests.test_hr_new_features.TestEmployeesExtendedAPI" name="test_get_shifts_list" time="0.125" /><testcase classname="backend.tests.test_hr_new_features.TestNotificationsAPI" name="test_get_notifications" time="0.494" /><testcase classname="backend.tests.test_hr_new_features.TestAttendanceProAPI" name="test_get_daily_summary" time="0.468" /><testcase classname="backend.tests.test_hr_new_features.TestAttendanceProAPI" name="test_get_attendance_records" time="0.121" /></testsuite></testsuites>