<?xml version="1.0" encoding="utf-8"?><testsuites name="pytest tests"><testsuite name="pytest" errors="0" failures="0" skipped="0" tests="15" time="8.996" timestamp="2026-04-11T22:42:21.281348+00:00" hostname="agent-env-bb9d0fe1-96f6-4f8d-b106-60a4d04b9bce"><testcase classname="backend.tests.test_activation_code_redeem_admin_refactor.TestActivationCodeRedemption" name="test_redeem_code_without_auth_returns_401" time="0.354" /><testcase classname="backend.tests.test_activation_code_redeem_admin_refactor.TestActivationCodeRedemption" name="test_redeem_code_with_invalid_code_returns_error" time="0.569" /><testcase classname="backend.tests.test_activation_code_redeem_admin_refactor.TestActivationCodeRedemption" name="test_redeem_code_with_empty_code_returns_error" time="0.565" /><testcase classname="backend.tests.test_activation_code_redeem_admin_refactor.TestActivationCodeRedemption" name="test_generate_and_redeem_activation_code" time="1.065" /><testcase classname="backend.tests.test_activation_code_redeem_admin_refactor.TestActivationCodeRedemption" name="test_redeem_already_used_code_returns_error" time="1.199" /><testcase classname="backend.tests.test_activation_code_redeem_admin_refactor.TestAdminDashboard" name="test_admin_dashboard_returns_stats" time="0.505" /><testcase classname="backend.tests.test_activation_code_redeem_admin_refactor.TestAdminPermissions" name="test_permissions_returns_21_permissions" time="0.519" /><testcase classname="backend.tests.test_activation_code_redeem_admin_refactor.TestAdminCompanies" name="test_get_all_companies" time="0.580" /><testcase classname="backend.tests.test_activation_code_redeem_admin_refactor.TestAdminUsers" name="test_get_all_users" time="0.507" /><testcase classname="backend.tests.test_activation_code_redeem_admin_refactor.TestAdminUsers" name="test_get_roles" time="0.487" /><testcase classname="backend.tests.test_activation_code_redeem_admin_refactor.TestAdminSubscriptions" name="test_get_all_subscriptions" time="0.506" /><testcase classname="backend.tests.test_activation_code_redeem_admin_refactor.TestAdminSubscriptions" name="test_get_activation_codes" time="0.505" /><testcase classname="backend.tests.test_activation_code_redeem_admin_refactor.TestAdminPayments" name="test_get_payment_methods_returns_8_methods" time="0.158" /><testcase classname="backend.tests.test_activation_code_redeem_admin_refactor.TestAdminPayments" name="test_update_payment_with_activation_code_sets_amount_zero" time="0.811" /><testcase classname="backend.tests.test_activation_code_redeem_admin_refactor.TestAdminTransactions" name="test_get_transactions" time="0.499" /></testsuite></testsuites>