<?xml version="1.0" encoding="utf-8"?><testsuites name="pytest tests"><testsuite name="pytest" errors="0" failures="0" skipped="0" tests="11" time="1.342" timestamp="2026-02-08T23:17:46.438015+00:00" hostname="agent-env-07205ff3-b48e-4ea1-97fa-62431e89a669"><testcase classname="tests.test_analytics.TestAnalyticsAPIs" name="test_login_company_manager" time="0.330" /><testcase classname="tests.test_analytics.TestAnalyticsAPIs" name="test_analytics_overview_daily" time="0.359" /><testcase classname="tests.test_analytics.TestAnalyticsAPIs" name="test_analytics_overview_monthly" time="0.065" /><testcase classname="tests.test_analytics.TestAnalyticsAPIs" name="test_analytics_overview_yearly" time="0.058" /><testcase classname="tests.test_analytics.TestAnalyticsAPIs" name="test_analytics_financial" time="0.061" /><testcase classname="tests.test_analytics.TestAnalyticsAPIs" name="test_analytics_hr" time="0.054" /><testcase classname="tests.test_analytics.TestAnalyticsAPIs" name="test_analytics_inventory" time="0.055" /><testcase classname="tests.test_analytics.TestAnalyticsAPIs" name="test_analytics_without_auth" time="0.056" /><testcase classname="tests.test_analytics.TestAnalyticsAPIs" name="test_analytics_with_invalid_token" time="0.054" /><testcase classname="tests.test_analytics.TestAnalyticsAPIs" name="test_financial_reports_year" time="0.054" /><testcase classname="tests.test_analytics.TestAnalyticsAPIs" name="test_financial_reports_with_comparison" time="0.055" /></testsuite></testsuites>