<?xml version="1.0" encoding="utf-8"?><testsuites name="pytest tests"><testsuite name="pytest" errors="0" failures="0" skipped="0" tests="11" time="5.161" timestamp="2026-02-25T18:47:13.102360+00:00" hostname="agent-env-bb9d0fe1-96f6-4f8d-b106-60a4d04b9bce"><testcase classname="backend.tests.test_change_password_delete_employee.TestChangePassword" name="test_change_password_missing_auth" time="0.356" /><testcase classname="backend.tests.test_change_password_delete_employee.TestChangePassword" name="test_change_password_missing_fields" time="0.686" /><testcase classname="backend.tests.test_change_password_delete_employee.TestChangePassword" name="test_change_password_wrong_current" time="0.671" /><testcase classname="backend.tests.test_change_password_delete_employee.TestChangePassword" name="test_change_password_short_new" time="0.205" /><testcase classname="backend.tests.test_change_password_delete_employee.TestChangePassword" name="test_change_password_success_and_revert" time="2.115" /><testcase classname="backend.tests.test_change_password_delete_employee.TestDeleteEmployee" name="test_delete_without_auth" time="0.170" /><testcase classname="backend.tests.test_change_password_delete_employee.TestDeleteEmployee" name="test_delete_self_not_allowed" time="0.189" /><testcase classname="backend.tests.test_change_password_delete_employee.TestDeleteEmployee" name="test_delete_nonexistent_user" time="0.192" /><testcase classname="backend.tests.test_change_password_delete_employee.TestDeleteEmployee" name="test_get_employees_list" time="0.153" /><testcase classname="backend.tests.test_change_password_delete_employee.TestIntegration" name="test_auth_verification_endpoint" time="0.134" /><testcase classname="backend.tests.test_change_password_delete_employee.TestIntegration" name="test_user_role_has_permissions" time="0.166" /></testsuite></testsuites>