<?xml version="1.0" encoding="utf-8"?><testsuites name="pytest tests"><testsuite name="pytest" errors="0" failures="0" skipped="0" tests="7" time="4.802" timestamp="2026-04-11T21:58:50.975973+00:00" hostname="agent-env-bb9d0fe1-96f6-4f8d-b106-60a4d04b9bce"><testcase classname="backend.tests.test_admin_payments_permissions.TestAdminPermissions" name="test_get_permissions_includes_hr_admin" time="1.193" /><testcase classname="backend.tests.test_admin_payments_permissions.TestAdminPermissions" name="test_get_permissions_includes_hr_financial" time="0.416" /><testcase classname="backend.tests.test_admin_payments_permissions.TestAdminPermissions" name="test_update_user_permissions_accepts_hr_admin" time="0.887" /><testcase classname="backend.tests.test_admin_payments_permissions.TestAdminPermissions" name="test_update_user_permissions_accepts_hr_financial" time="0.784" /><testcase classname="backend.tests.test_admin_payments_permissions.TestPaymentMethods" name="test_get_payment_methods_includes_activation_code" time="0.128" /><testcase classname="backend.tests.test_admin_payments_permissions.TestPaymentStatusUpdate" name="test_activation_code_payment_sets_amount_to_zero" time="0.594" /><testcase classname="backend.tests.test_admin_payments_permissions.TestPaymentStatusUpdate" name="test_regular_payment_method_calculates_amount_normally" time="0.665" /></testsuite></testsuites>