<?xml version="1.0" encoding="utf-8"?><testsuites name="pytest tests"><testsuite name="pytest" errors="0" failures="0" skipped="0" tests="25" time="2.817" timestamp="2026-02-07T02:05:39.303323+00:00" hostname="agent-env-69fe7c00-29c3-4adb-9ef2-89c6bdb3717b"><testcase classname="backend.tests.test_purchases.TestSuppliers" name="test_create_supplier" time="0.464" /><testcase classname="backend.tests.test_purchases.TestSuppliers" name="test_get_suppliers_list" time="0.057" /><testcase classname="backend.tests.test_purchases.TestSuppliers" name="test_get_single_supplier" time="0.060" /><testcase classname="backend.tests.test_purchases.TestSuppliers" name="test_update_supplier" time="0.113" /><testcase classname="backend.tests.test_purchases.TestSuppliers" name="test_get_suppliers_with_category_filter" time="0.058" /><testcase classname="backend.tests.test_purchases.TestSuppliers" name="test_get_supplier_not_found" time="0.057" /><testcase classname="backend.tests.test_purchases.TestPurchaseOrders" name="test_create_purchase_order" time="0.112" /><testcase classname="backend.tests.test_purchases.TestPurchaseOrders" name="test_get_purchase_orders_list" time="0.058" /><testcase classname="backend.tests.test_purchases.TestPurchaseOrders" name="test_get_single_purchase_order" time="0.055" /><testcase classname="backend.tests.test_purchases.TestPurchaseOrders" name="test_get_orders_with_status_filter" time="0.055" /><testcase classname="backend.tests.test_purchases.TestPurchaseOrders" name="test_update_purchase_order" time="0.119" /><testcase classname="backend.tests.test_purchases.TestOrderStatusWorkflow" name="test_create_order_for_workflow" time="0.054" /><testcase classname="backend.tests.test_purchases.TestOrderStatusWorkflow" name="test_status_draft_to_pending_approval" time="0.112" /><testcase classname="backend.tests.test_purchases.TestOrderStatusWorkflow" name="test_status_pending_to_approved" time="0.113" /><testcase classname="backend.tests.test_purchases.TestOrderStatusWorkflow" name="test_status_approved_to_ordered" time="0.111" /><testcase classname="backend.tests.test_purchases.TestOrderStatusWorkflow" name="test_status_ordered_to_received" time="0.118" /><testcase classname="backend.tests.test_purchases.TestOrderStatusWorkflow" name="test_invalid_status_rejected" time="0.106" /><testcase classname="backend.tests.test_purchases.TestOrderCancellation" name="test_cancel_draft_order" time="0.195" /><testcase classname="backend.tests.test_purchases.TestOrderCancellation" name="test_cannot_cancel_received_order" time="0.325" /><testcase classname="backend.tests.test_purchases.TestOrderCancellation" name="test_cancel_nonexistent_order" time="0.059" /><testcase classname="backend.tests.test_purchases.TestPurchaseStats" name="test_get_purchase_stats" time="0.059" /><testcase classname="backend.tests.test_purchases.TestAuthorization" name="test_suppliers_requires_auth" time="0.052" /><testcase classname="backend.tests.test_purchases.TestAuthorization" name="test_orders_requires_auth" time="0.052" /><testcase classname="backend.tests.test_purchases.TestAuthorization" name="test_stats_requires_auth" time="0.054" /><testcase classname="backend.tests.test_purchases.TestAuthorization" name="test_create_order_requires_auth" time="0.052" /></testsuite></testsuites>