<?xml version="1.0" encoding="utf-8"?><testsuites name="pytest tests"><testsuite name="pytest" errors="0" failures="0" skipped="0" tests="22" time="11.028" timestamp="2026-04-04T18:55:03.809311+00:00" hostname="agent-env-bb9d0fe1-96f6-4f8d-b106-60a4d04b9bce"><testcase classname="backend.tests.test_attendance_pro.TestAttendanceProAPI" name="test_get_daily_summary_success" time="0.568" /><testcase classname="backend.tests.test_attendance_pro.TestAttendanceProAPI" name="test_get_daily_summary_with_specific_date" time="0.470" /><testcase classname="backend.tests.test_attendance_pro.TestAttendanceProAPI" name="test_get_monthly_summary_success" time="0.500" /><testcase classname="backend.tests.test_attendance_pro.TestAttendanceProAPI" name="test_get_monthly_summary_with_employee_filter" time="0.523" /><testcase classname="backend.tests.test_attendance_pro.TestAttendanceProAPI" name="test_get_fingerprint_report_success" time="0.477" /><testcase classname="backend.tests.test_attendance_pro.TestAttendanceProAPI" name="test_get_fingerprint_report_with_filters" time="0.457" /><testcase classname="backend.tests.test_attendance_pro.TestAttendanceProAPI" name="test_get_overtime_report_success" time="0.485" /><testcase classname="backend.tests.test_attendance_pro.TestAttendanceProAPI" name="test_check_in_success" time="0.483" /><testcase classname="backend.tests.test_attendance_pro.TestAttendanceProAPI" name="test_check_in_invalid_employee" time="0.449" /><testcase classname="backend.tests.test_attendance_pro.TestAttendanceProAPI" name="test_check_out_success" time="0.460" /><testcase classname="backend.tests.test_attendance_pro.TestAttendanceProAPI" name="test_check_out_no_check_in" time="0.462" /><testcase classname="backend.tests.test_attendance_pro.TestAttendanceProAPI" name="test_manual_attendance_success" time="0.483" /><testcase classname="backend.tests.test_attendance_pro.TestAttendanceProAPI" name="test_manual_attendance_invalid_employee" time="0.465" /><testcase classname="backend.tests.test_attendance_pro.TestAttendanceProAPI" name="test_manual_attendance_with_excused" time="0.486" /><testcase classname="backend.tests.test_attendance_pro.TestAttendanceProAPI" name="test_get_records_by_date" time="0.467" /><testcase classname="backend.tests.test_attendance_pro.TestAttendanceProAPI" name="test_get_records_by_date_range" time="0.499" /><testcase classname="backend.tests.test_attendance_pro.TestAttendanceProAPI" name="test_get_records_by_employee" time="0.488" /><testcase classname="backend.tests.test_attendance_pro.TestAttendanceProAPI" name="test_get_statistics" time="0.484" /><testcase classname="backend.tests.test_attendance_pro.TestAttendanceProAPI" name="test_get_settings" time="0.482" /><testcase classname="backend.tests.test_attendance_pro.TestAttendanceProAPI" name="test_get_holidays" time="0.447" /><testcase classname="backend.tests.test_attendance_pro.TestAttendanceProAPI" name="test_add_holiday" time="0.537" /><testcase classname="backend.tests.test_attendance_pro.TestAttendanceProIntegration" name="test_full_attendance_workflow" time="0.633" /></testsuite></testsuites>