<?xml version="1.0" encoding="utf-8"?><testsuites name="pytest tests"><testsuite name="pytest" errors="0" failures="0" skipped="0" tests="11" time="4.339" timestamp="2026-04-06T03:52:20.654273+00:00" hostname="agent-env-bb9d0fe1-96f6-4f8d-b106-60a4d04b9bce"><testcase classname="backend.tests.test_coupon_advanced_stats.TestCouponAdvancedStatistics" name="test_advanced_statistics_endpoint_returns_200" time="2.232" /><testcase classname="backend.tests.test_coupon_advanced_stats.TestCouponAdvancedStatistics" name="test_advanced_statistics_has_summary" time="0.153" /><testcase classname="backend.tests.test_coupon_advanced_stats.TestCouponAdvancedStatistics" name="test_advanced_statistics_has_top_coupons" time="0.133" /><testcase classname="backend.tests.test_coupon_advanced_stats.TestCouponAdvancedStatistics" name="test_advanced_statistics_has_monthly_report" time="0.160" /><testcase classname="backend.tests.test_coupon_advanced_stats.TestCouponAdvancedStatistics" name="test_advanced_statistics_has_type_distribution" time="0.133" /><testcase classname="backend.tests.test_coupon_advanced_stats.TestCouponAdvancedStatistics" name="test_advanced_statistics_has_email_statistics" time="0.125" /><testcase classname="backend.tests.test_coupon_advanced_stats.TestCouponEmailSending" name="test_send_email_with_valid_coupon" time="0.623" /><testcase classname="backend.tests.test_coupon_advanced_stats.TestCouponEmailSending" name="test_send_email_with_invalid_coupon" time="0.134" /><testcase classname="backend.tests.test_coupon_advanced_stats.TestCouponEmailSending" name="test_send_email_missing_email_field" time="0.281" /><testcase classname="backend.tests.test_coupon_advanced_stats.TestUsageChartData" name="test_usage_chart_endpoint_returns_200" time="0.123" /><testcase classname="backend.tests.test_coupon_advanced_stats.TestUsageChartData" name="test_usage_chart_has_chart_data" time="0.125" /></testsuite></testsuites>