<?xml version="1.0" encoding="utf-8"?><testsuites name="pytest tests"><testsuite name="pytest" errors="0" failures="3" skipped="0" tests="13" time="4.453" timestamp="2026-02-07T19:53:04.302820+00:00" hostname="agent-env-dcd54466-20a5-4b85-b399-d8a37e6fe5c0"><testcase classname="backend.tests.test_new_features.TestAllUsersEndpoint" name="test_get_all_users_returns_200" time="0.383" /><testcase classname="backend.tests.test_new_features.TestAllUsersEndpoint" name="test_get_all_users_returns_list" time="0.307" /><testcase classname="backend.tests.test_new_features.TestAllUsersEndpoint" name="test_all_users_have_required_fields" time="0.311" /><testcase classname="backend.tests.test_new_features.TestAllUsersEndpoint" name="test_all_users_include_company_name" time="0.307" /><testcase classname="backend.tests.test_new_features.TestAllUsersEndpoint" name="test_all_users_no_password_returned" time="0.305" /><testcase classname="backend.tests.test_new_features.TestAllUsersEndpoint" name="test_all_users_without_auth_returns_401" time="0.363" /><testcase classname="backend.tests.test_new_features.TestCompanyManagerPermissionsEndpoint" name="test_update_user_permissions_valid_data" time="0.325"><failure message="AssertionError: Expected 200/201, got 403&#10;assert 403 in [200, 201]&#10; +  where 403 = &lt;Response [403]&gt;.status_code">backend/tests/test_new_features.py:150: in test_update_user_permissions_valid_data
    assert response.status_code in [200, 201], f"Expected 200/201, got {response.status_code}"
E   AssertionError: Expected 200/201, got 403
E   assert 403 in [200, 201]
E    +  where 403 = &lt;Response [403]&gt;.status_code</failure></testcase><testcase classname="backend.tests.test_new_features.TestCompanyManagerPermissionsEndpoint" name="test_update_permissions_invalid_permission" time="0.314"><failure message="AssertionError: Expected 400 for invalid permission, got 403&#10;assert 403 == 400&#10; +  where 403 = &lt;Response [403]&gt;.status_code">backend/tests/test_new_features.py:176: in test_update_permissions_invalid_permission
    assert response.status_code == 400, f"Expected 400 for invalid permission, got {response.status_code}"
E   AssertionError: Expected 400 for invalid permission, got 403
E   assert 403 == 400
E    +  where 403 = &lt;Response [403]&gt;.status_code</failure></testcase><testcase classname="backend.tests.test_new_features.TestCompanyManagerPermissionsEndpoint" name="test_update_permissions_nonexistent_user" time="0.348"><failure message="AssertionError: Expected 404, got 403&#10;assert 403 == 404&#10; +  where 403 = &lt;Response [403]&gt;.status_code">backend/tests/test_new_features.py:188: in test_update_permissions_nonexistent_user
    assert response.status_code == 404, f"Expected 404, got {response.status_code}"
E   AssertionError: Expected 404, got 403
E   assert 403 == 404
E    +  where 403 = &lt;Response [403]&gt;.status_code</failure></testcase><testcase classname="backend.tests.test_new_features.TestCompanyManagerPermissionsEndpoint" name="test_update_permissions_without_auth" time="0.375" /><testcase classname="backend.tests.test_new_features.TestAdminPermissionsEndpoint" name="test_get_permissions_returns_list" time="0.316" /><testcase classname="backend.tests.test_new_features.TestAdminPermissionsEndpoint" name="test_permissions_have_required_fields" time="0.306" /><testcase classname="backend.tests.test_new_features.TestAdminDashboard" name="test_dashboard_returns_statistics" time="0.301" /></testsuite></testsuites>