<?xml version="1.0" encoding="utf-8"?><testsuites name="pytest tests"><testsuite name="pytest" errors="0" failures="0" skipped="0" tests="16" time="4.246" timestamp="2026-04-06T02:55:15.877121+00:00" hostname="agent-env-bb9d0fe1-96f6-4f8d-b106-60a4d04b9bce"><testcase classname="backend.tests.test_payments.TestPaymentPackages" name="test_get_packages_returns_15_packages" time="0.887" /><testcase classname="backend.tests.test_payments.TestPaymentPackages" name="test_packages_have_correct_plans" time="0.150" /><testcase classname="backend.tests.test_payments.TestPaymentPackages" name="test_packages_have_correct_durations" time="0.118" /><testcase classname="backend.tests.test_payments.TestPaymentMethods" name="test_get_payment_methods_returns_stripe_and_paypal" time="0.158" /><testcase classname="backend.tests.test_payments.TestPaymentMethods" name="test_payment_methods_structure" time="0.157" /><testcase classname="backend.tests.test_payments.TestPaymentMethods" name="test_paypal_has_test_mode_flag" time="0.117" /><testcase classname="backend.tests.test_payments.TestStripeCheckout" name="test_create_stripe_checkout_success" time="0.648" /><testcase classname="backend.tests.test_payments.TestStripeCheckout" name="test_create_stripe_checkout_invalid_package" time="0.142" /><testcase classname="backend.tests.test_payments.TestStripeCheckout" name="test_create_stripe_checkout_missing_fields" time="0.119" /><testcase classname="backend.tests.test_payments.TestPayPalCheckout" name="test_create_paypal_checkout_success" time="0.129" /><testcase classname="backend.tests.test_payments.TestPayPalCheckout" name="test_create_paypal_checkout_invalid_package" time="0.136" /><testcase classname="backend.tests.test_payments.TestPayPalCapture" name="test_capture_paypal_payment_success" time="0.524" /><testcase classname="backend.tests.test_payments.TestPayPalCapture" name="test_capture_paypal_payment_already_captured" time="0.381" /><testcase classname="backend.tests.test_payments.TestPayPalCapture" name="test_capture_paypal_payment_not_found" time="0.126" /><testcase classname="backend.tests.test_payments.TestPaymentTransactions" name="test_get_transactions" time="0.129" /><testcase classname="backend.tests.test_payments.TestPaymentTransactions" name="test_get_transactions_by_company" time="0.138" /></testsuite></testsuites>