<?xml version="1.0" encoding="utf-8"?><testsuites name="pytest tests"><testsuite name="pytest" errors="0" failures="0" skipped="0" tests="16" time="2.774" timestamp="2026-02-07T19:18:15.316708+00:00" hostname="agent-env-dcd54466-20a5-4b85-b399-d8a37e6fe5c0"><testcase classname="backend.tests.test_admin_permissions.TestSuperAdminLogin" name="test_super_admin_login_success" time="0.352" /><testcase classname="backend.tests.test_admin_permissions.TestAdminPermissionsEndpoint" name="test_get_permissions_returns_200" time="0.356" /><testcase classname="backend.tests.test_admin_permissions.TestAdminPermissionsEndpoint" name="test_get_permissions_returns_10_permissions" time="0.058" /><testcase classname="backend.tests.test_admin_permissions.TestAdminPermissionsEndpoint" name="test_permissions_have_correct_structure" time="0.057" /><testcase classname="backend.tests.test_admin_permissions.TestAdminPermissionsEndpoint" name="test_all_expected_permissions_exist" time="0.053" /><testcase classname="backend.tests.test_admin_permissions.TestAdminPermissionsEndpoint" name="test_get_permissions_requires_auth" time="0.061" /><testcase classname="backend.tests.test_admin_permissions.TestUpdateUserPermissions" name="test_update_permissions_returns_200" time="0.521" /><testcase classname="backend.tests.test_admin_permissions.TestUpdateUserPermissions" name="test_update_permissions_returns_correct_structure" time="0.059" /><testcase classname="backend.tests.test_admin_permissions.TestUpdateUserPermissions" name="test_permissions_are_persisted" time="0.332" /><testcase classname="backend.tests.test_admin_permissions.TestUpdateUserPermissions" name="test_invalid_permission_returns_400" time="0.054" /><testcase classname="backend.tests.test_admin_permissions.TestUpdateUserPermissions" name="test_update_requires_auth" time="0.053" /><testcase classname="backend.tests.test_admin_permissions.TestUpdateUserPermissions" name="test_update_nonexistent_user_returns_404" time="0.061" /><testcase classname="backend.tests.test_admin_permissions.TestUpdateUserPermissions" name="test_update_all_permissions" time="0.058" /><testcase classname="backend.tests.test_admin_permissions.TestUpdateUserPermissions" name="test_update_no_permissions" time="0.059" /><testcase classname="backend.tests.test_admin_permissions.TestUpdateUserPermissions" name="test_cleanup_restore_permissions" time="0.061" /><testcase classname="backend.tests.test_admin_permissions.TestGetCompanyUsers" name="test_users_include_permissions_field" time="0.466" /></testsuite></testsuites>