<?xml version="1.0" encoding="utf-8"?><testsuites name="pytest tests"><testsuite name="pytest" errors="0" failures="0" skipped="0" tests="13" time="4.431" timestamp="2026-02-07T19:53:36.503996+00:00" hostname="agent-env-dcd54466-20a5-4b85-b399-d8a37e6fe5c0"><testcase classname="backend.tests.test_new_features.TestAllUsersEndpoint" name="test_get_all_users_returns_200" time="0.360" /><testcase classname="backend.tests.test_new_features.TestAllUsersEndpoint" name="test_get_all_users_returns_list" time="0.316" /><testcase classname="backend.tests.test_new_features.TestAllUsersEndpoint" name="test_all_users_have_required_fields" time="0.310" /><testcase classname="backend.tests.test_new_features.TestAllUsersEndpoint" name="test_all_users_include_company_name" time="0.307" /><testcase classname="backend.tests.test_new_features.TestAllUsersEndpoint" name="test_all_users_no_password_returned" time="0.346" /><testcase classname="backend.tests.test_new_features.TestAllUsersEndpoint" name="test_all_users_without_auth_returns_401" time="0.390" /><testcase classname="backend.tests.test_new_features.TestCompanyManagerPermissionsEndpoint" name="test_update_user_permissions_valid_data" time="0.331" /><testcase classname="backend.tests.test_new_features.TestCompanyManagerPermissionsEndpoint" name="test_update_permissions_invalid_permission" time="0.370" /><testcase classname="backend.tests.test_new_features.TestCompanyManagerPermissionsEndpoint" name="test_update_permissions_nonexistent_user" time="0.301" /><testcase classname="backend.tests.test_new_features.TestCompanyManagerPermissionsEndpoint" name="test_update_permissions_without_auth" time="0.349" /><testcase classname="backend.tests.test_new_features.TestAdminPermissionsEndpoint" name="test_get_permissions_returns_list" time="0.302" /><testcase classname="backend.tests.test_new_features.TestAdminPermissionsEndpoint" name="test_permissions_have_required_fields" time="0.304" /><testcase classname="backend.tests.test_new_features.TestAdminDashboard" name="test_dashboard_returns_statistics" time="0.316" /></testsuite></testsuites>